<?xml version="1.0" encoding="UTF-8"?>
<testsuite xmlns:xsi="http://www.w3.org/2001/XMLSchema-instance" xsi:noNamespaceSchemaLocation="https://maven.apache.org/surefire/maven-surefire-plugin/xsd/surefire-test-report-3.0.xsd" version="3.0" name="TestSuite" time="11.846" tests="2" errors="0" skipped="0" failures="0">
  <properties>
[...]
</properties>
  <testcase name="createUser" classname="com.dreamland.restautomation.UserMethods" time="6.713">
    <system-out><![CDATA[C:\Users\rikumar\Desktop\NewStartPersonal\KarateWorkspace\myThirdProject\src\main\resources\payloads\createUser.jsonHTTP/1.1 201 Created
Date: Sun, 13 Mar 2022 08:21:55 GMT
Content-Type: application/json; charset=utf-8
Content-Length: 84
Connection: keep-alive
X-Powered-By: Express
Access-Control-Allow-Origin: *
Etag: W/"54-jKv+z/jKzeHv+59zskktJeuTJMs"
Via: 1.1 vegur
CF-Cache-Status: DYNAMIC
Expect-CT: max-age=604800, report-uri="https://report-uri.cloudflare.com/cdn-cgi/beacon/expect-ct"
Report-To: {"endpoints":[{"url":"https:\/\/a.nel.cloudflare.com\/report\/v3?s=xwAyWlII0Ro9lIYXoJD58Q2MBCVcpglrzvgYfUXTZSCnk7yVNQNiW0fgmKDD4AUuxeho7%2BvmWcUfOWZeibsYFMxyaepEgnPFm%2Fj1DBm%2BLyH51nprrd2bca5STJE%3D"}],"group":"cf-nel","max_age":604800}
NEL: {"success_fraction":0,"report_to":"cf-nel","max_age":604800}
Server: cloudflare
CF-RAY: 6eb35bd9fb6b48fa-SIN
alt-svc: h3=":443"; ma=86400, h3-29=":443"; ma=86400

{
    "name": "morpheus",
    "job": "leader",
    "id": "862",
    "createdAt": "2022-03-13T08:21:55.170Z"
}
]]></system-out>
    <system-err><![CDATA[SLF4J: Failed to load class "org.slf4j.impl.StaticLoggerBinder".
SLF4J: Defaulting to no-operation (NOP) logger implementation
SLF4J: See http://www.slf4j.org/codes.html#StaticLoggerBinder for further details.
]]></system-err>
  </testcase>
  <testcase name="createUser2" classname="com.dreamland.restautomation.UserMethods" time="0.825">
    <system-out><![CDATA[C:\Users\rikumar\Desktop\NewStartPersonal\KarateWorkspace\myThirdProject\src\main\resources\payloads\createUser2.jsonHTTP/1.1 201 Created
Date: Sun, 13 Mar 2022 08:21:56 GMT
Content-Type: application/json; charset=utf-8
Content-Length: 84
Connection: keep-alive
X-Powered-By: Express
Access-Control-Allow-Origin: *
Etag: W/"54-wI31Je6MURYjf3OWpNBzR0B5OZQ"
Via: 1.1 vegur
CF-Cache-Status: DYNAMIC
Expect-CT: max-age=604800, report-uri="https://report-uri.cloudflare.com/cdn-cgi/beacon/expect-ct"
Report-To: {"endpoints":[{"url":"https:\/\/a.nel.cloudflare.com\/report\/v3?s=h8h4raHugF%2FBtJYWVWCG1aSSYN1FJCtLk%2FrmR%2FDrj3Q9Ib%2F82DCPs9pCVxRmt5K4kZBeAD0J%2BQ5GQkhfmBMv9JRXsgZQ%2FQR12BiLQqoOA%2BQAMkrgUScPlNgC3Kw%3D"}],"group":"cf-nel","max_age":604800}
NEL: {"success_fraction":0,"report_to":"cf-nel","max_age":604800}
Server: cloudflare
CF-RAY: 6eb35be17b40494b-SIN
alt-svc: h3=":443"; ma=86400, h3-29=":443"; ma=86400

{
    "name": "morpheus",
    "job": "leader",
    "id": "562",
    "createdAt": "2022-03-13T08:21:56.432Z"
}
]]></system-out>
  </testcase>
</testsuite>